<?xml version="1.0" encoding="UTF-8"?>
<testng-results skipped="0" failed="0" ignored="0" total="1" passed="1">
  <reporter-output>
  </reporter-output>
  <suite name="Default suite" duration-ms="38" started-at="2017-10-10T17:54:49Z" finished-at="2017-10-10T17:54:49Z">
    <groups>
    </groups>
    <test name="Default test" duration-ms="38" started-at="2017-10-10T17:54:49Z" finished-at="2017-10-10T17:54:49Z">
      <class name="Pages.Test_WithInvalidInput">
        <test-method status="PASS" signature="logIn()[pri:0, instance:Pages.Test_WithInvalidInput@55f3ddb1]" name="logIn" duration-ms="11" started-at="2017-10-10T23:24:49Z" finished-at="2017-10-10T23:24:49Z">
          <reporter-output>
          </reporter-output>
        </test-method> <!-- logIn -->
      </class> <!-- Pages.Test_WithInvalidInput -->
    </test> <!-- Default test -->
  </suite> <!-- Default suite -->
</testng-results>
